1651144910689	geckodriver	INFO	Listening on 127.0.0.1:49880
1651144913696	mozrunner::runner	INFO	Running command: "D:\\Install\\Mozilla Firefox\\firefox.exe" "--marionette" "--remote-debugging-port" "49881" "-no-remote" "-profile" "C:\\Users\\Administrator\\AppData\\Local\\Temp\\rust_mozprofileboUB88"
1651144916281	Marionette	INFO	Marionette enabled
console.warn: SearchSettings: "get: No settings file exists, new profile?" (new NotFoundError("Could not open the file at C:\\Users\\Administrator\\AppData\\Local\\Temp\\rust_mozprofileboUB88\\search.json.mozlz4", (void 0)))
DevTools listening on ws://localhost:49881/devtools/browser/0ea2e8e4-1de1-44d7-a1d1-65a2d61d87b4
1651144921718	Marionette	INFO	Listening on port 49899
1651144922157	Marionette	WARN	TLS certificate errors will be ignored for this session
console.error: Region.jsm: "Error fetching region" (new Error("TIMEOUT", "resource://gre/modules/Region.jsm", 772))
console.error: Region.jsm: "Failed to fetch region" (new Error("TIMEOUT", "resource://gre/modules/Region.jsm", 419))
!!! error running onStopped callback: TypeError: callback is not a function
1651145098745	Marionette	INFO	Stopped listening on port 49899
1651145098794	RemoteAgent	ERROR	unable to stop listener: [Exception... "Component returned failure code: 0x8000ffff (NS_ERROR_UNEXPECTED) [nsIWindowMediator.getEnumerator]"  nsresult: "0x8000ffff (NS_ERROR_UNEXPECTED)"  location: "JS frame :: chrome://remote/content/cdp/observers/TargetObserver.jsm :: stop :: line 64"  data: no] Stack trace: stop()@TargetObserver.jsm:64
unwatchForTabs()@TargetList.jsm:70
unwatchForTargets()@TargetList.jsm:37
destructor()@TargetList.jsm:109
close()@RemoteAgent.jsm:136
6-42c5-adab-03935e296afb
1651144987403	Marionette	INFO	Listening on port 50082
1651144987544	Marionette	WARN	TLS certificate errors will be ignored for this session
console.error: Region.jsm: "Error fetching region" (new Error("TIMEOUT", "resource://gre/modules/Region.jsm", 772))
console.error: Region.jsm: "Failed to fetch region" (new Error("TIMEOUT", "resource://gre/modules/Region.jsm", 419))
!!! error running onStopped callback: TypeError: callback is not a function
1651145097751	Marionette	INFO	Stopped listening on port 50082
1651145098557	RemoteAgent	ERROR	unable to stop listener: [Exception... "Component returned failure code: 0x8000ffff (NS_ERROR_UNEXPECTED) [nsIWindowMediator.getEnumerator]"  nsresult: "0x8000ffff (NS_ERROR_UNEXPECTED)"  location: "JS frame :: chrome://remote/content/cdp/observers/TargetObserver.jsm :: stop :: line 64"  data: no] Stack trace: stop()@TargetObserver.jsm:64
unwatchForTabs()@TargetList.jsm:70
unwatchForTargets()@TargetList.jsm:37
destructor()@TargetList.jsm:109
close()@RemoteAgent.jsm:136
1653823882144	geckodriver	INFO	Listening on 127.0.0.1:64533
1653823885194	mozrunner::runner	INFO	Running command: "D:\\Install\\Mozilla Firefox\\firefox.exe" "--marionette" "--remote-debugging-port" "64534" "-no-remote" "-profile" "C:\\Users\\Administrator\\AppData\\Local\\Temp\\rust_mozprofileMDS29I"
1653823887923	Marionette	INFO	Marionette enabled
console.warn: SearchSettings: "get: No settings file exists, new profile?" (new NotFoundError("Could not open the file at C:\\Users\\Administrator\\AppData\\Local\\Temp\\rust_mozprofileMDS29I\\search.json.mozlz4", (void 0)))
DevTools listening on ws://localhost:64534/devtools/browser/f566973e-e618-4c61-a229-1a12c829bf23
1653823894229	Marionette	INFO	Listening on port 64557
1653823894349	Marionette	WARN	TLS certificate errors will be ignored for this session
1653823963749	Marionette	INFO	Stopped listening on port 64557
!!! error running onStopped callback: TypeError: callback is not a function
1653823964527	RemoteAgent	ERROR	unable to stop listener: [Exception... "Component returned failure code: 0x8000ffff (NS_ERROR_UNEXPECTED) [nsIWindowMediator.getEnumerator]"  nsresult: "0x8000ffff (NS_ERROR_UNEXPECTED)"  location: "JS frame :: chrome://remote/content/cdp/observers/TargetObserver.jsm :: stop :: line 64"  data: no] Stack trace: stop()@TargetObserver.jsm:64
unwatchForTabs()@TargetList.jsm:70
unwatchForTargets()@TargetList.jsm:37
destructor()@TargetList.jsm:109
close()@RemoteAgent.jsm:136
